/*C3*/SET SCHEMA PUBLIC
DROP TABLE IF EXISTS CARS
CREATE TABLE CARS(ID INTEGER GENERATED BY DEFAULT AS IDENTITY(START WITH 0) NOT NULL PRIMARY KEY,STR_COL VARCHAR(256),NUM_COL INTEGER)
INSERT INTO CARS VALUES(0,'Ford',100)
COMMIT
INSERT INTO CARS VALUES(1,'Toyota',200)
COMMIT
INSERT INTO CARS VALUES(2,'Honda',300)
COMMIT
INSERT INTO CARS VALUES(3,'GM',400)
COMMIT
INSERT INTO CARS VALUES(4,'Ford',100)
COMMIT
INSERT INTO CARS VALUES(5,'Toyota',200)
COMMIT
INSERT INTO CARS VALUES(6,'Honda',300)
COMMIT
INSERT INTO CARS VALUES(7,'GM',400)
COMMIT
DISCONNECT
